2015-05-07 11:54:22,298 - 123!!!中文
 2015-05-07 11:54:22,298 - log.info
 2015-05-07 11:54:22,298 - log.error
 2015-05-07 11:54:22,298 - log.fatal
 2015-05-07 11:54:30,767 - 123!!!中文
 2015-05-07 11:54:30,767 - log.info
 2015-05-07 11:54:30,767 - log.error
 2015-05-07 11:54:30,767 - log.fatal
 2015-05-07 11:54:33,392 - 123!!!中文
 2015-05-07 11:54:33,392 - log.info
 2015-05-07 11:54:33,392 - log.error
 2015-05-07 11:54:33,392 - log.fatal
 2015-05-07 11:54:35,829 - 123!!!中文
 2015-05-07 11:54:35,829 - log.info
 2015-05-07 11:54:35,829 - log.error
 2015-05-07 11:54:35,829 - log.fatal
 2015-05-07 11:54:38,392 - 123!!!中文
 2015-05-07 11:54:38,392 - log.info
 2015-05-07 11:54:38,392 - log.error
 2015-05-07 11:54:38,392 - log.fatal
 